C:\Users\mbahoshy\coding\alpine\copyback.bat
C:\Users\mbahoshy\coding\alpine\copyback.log
C:\Users\mbahoshy\coding\alpine\index.html
C:\Users\mbahoshy\coding\alpine\css\main.css
C:\Users\mbahoshy\coding\alpine\imgs\alpine.jpg
C:\Users\mbahoshy\coding\alpine\imgs\alpineaire3.jpg
C:\Users\mbahoshy\coding\alpine\imgs\logo.png
7 File(s) copied
C:\Users\mbahoshy\coding\alpine\copyback.bat
C:\Users\mbahoshy\coding\alpine\copyback.log
C:\Users\mbahoshy\coding\alpine\index.html
C:\Users\mbahoshy\coding\alpine\css\main.css
C:\Users\mbahoshy\coding\alpine\imgs\alpine.jpg
C:\Users\mbahoshy\coding\alpine\imgs\alpineaire3.jpg
C:\Users\mbahoshy\coding\alpine\imgs\logo.png
7 File(s) copied
C:\Users\mbahoshy\coding\alpine\copyback.bat
C:\Users\mbahoshy\coding\alpine\copyback.log
C:\Users\mbahoshy\coding\alpine\index.html
C:\Users\mbahoshy\coding\alpine\css\main.css
C:\Users\mbahoshy\coding\alpine\imgs\alpine.jpg
C:\Users\mbahoshy\coding\alpine\imgs\alpineaire3.jpg
C:\Users\mbahoshy\coding\alpine\imgs\logo.png
7 File(s) copied
C:\Users\mbahoshy\coding\alpine\copyback.bat
C:\Users\mbahoshy\coding\alpine\copyback.log
C:\Users\mbahoshy\coding\alpine\index.html
C:\Users\mbahoshy\coding\alpine\css\main.css
C:\Users\mbahoshy\coding\alpine\imgs\alpine.jpg
C:\Users\mbahoshy\coding\alpine\imgs\alpineaire3.jpg
C:\Users\mbahoshy\coding\alpine\imgs\logo.png
7 File(s) copied
C:\Users\mbahoshy\coding\alpine\copyback.bat
C:\Users\mbahoshy\coding\alpine\copyback.log
C:\Users\mbahoshy\coding\alpine\index.html
C:\Users\mbahoshy\coding\alpine\css\main.css
C:\Users\mbahoshy\coding\alpine\imgs\alpine.jpg
C:\Users\mbahoshy\coding\alpine\imgs\alpineaire3.jpg
C:\Users\mbahoshy\coding\alpine\imgs\logo.png
7 File(s) copied
C:\Users\mbahoshy\coding\alpine\copyback.bat
C:\Users\mbahoshy\coding\alpine\copyback.log
C:\Users\mbahoshy\coding\alpine\index.html
C:\Users\mbahoshy\coding\alpine\css\main.css
C:\Users\mbahoshy\coding\alpine\imgs\alpine.jpg
C:\Users\mbahoshy\coding\alpine\imgs\alpineaire3.jpg
C:\Users\mbahoshy\coding\alpine\imgs\logo.png
7 File(s) copied
C:\Users\mbahoshy\coding\alpine\copyback.bat
C:\Users\mbahoshy\coding\alpine\copyback.log
C:\Users\mbahoshy\coding\alpine\index.html
C:\Users\mbahoshy\coding\alpine\css\main.css
C:\Users\mbahoshy\coding\alpine\imgs\alpine.jpg
C:\Users\mbahoshy\coding\alpine\imgs\alpineaire3.jpg
C:\Users\mbahoshy\coding\alpine\imgs\logo.png
7 File(s) copied
C:\Users\mbahoshy\coding\alpine\copyback.bat
C:\Users\mbahoshy\coding\alpine\copyback.log
C:\Users\mbahoshy\coding\alpine\index.html
C:\Users\mbahoshy\coding\alpine\css\main.css
C:\Users\mbahoshy\coding\alpine\imgs\alpine.jpg
C:\Users\mbahoshy\coding\alpine\imgs\alpineaire3.jpg
C:\Users\mbahoshy\coding\alpine\imgs\logo.png
7 File(s) copied
C:\Users\mbahoshy\coding\alpine\copyback.bat
C:\Users\mbahoshy\coding\alpine\copyback.log
C:\Users\mbahoshy\coding\alpine\index.html
C:\Users\mbahoshy\coding\alpine\css\main.css
C:\Users\mbahoshy\coding\alpine\imgs\alpine-aire-hvac-service-techs.jpg
C:\Users\mbahoshy\coding\alpine\imgs\alpine.jpg
C:\Users\mbahoshy\coding\alpine\imgs\alpineaire3.jpg
C:\Users\mbahoshy\coding\alpine\imgs\kitchen-sales-discussion.jpg
C:\Users\mbahoshy\coding\alpine\imgs\logo.png
C:\Users\mbahoshy\coding\alpine\imgs\tom-patty.jpg
10 File(s) copied
C:\Users\mbahoshy\coding\alpine\copyback.bat
C:\Users\mbahoshy\coding\alpine\copyback.log
C:\Users\mbahoshy\coding\alpine\index.html
C:\Users\mbahoshy\coding\alpine\css\main.css
C:\Users\mbahoshy\coding\alpine\imgs\alpine-aire-hvac-service-techs.jpg
C:\Users\mbahoshy\coding\alpine\imgs\alpine.jpg
C:\Users\mbahoshy\coding\alpine\imgs\alpineaire3.jpg
C:\Users\mbahoshy\coding\alpine\imgs\kitchen-sales-discussion.jpg
C:\Users\mbahoshy\coding\alpine\imgs\logo.png
C:\Users\mbahoshy\coding\alpine\imgs\tom-patty.jpg
10 File(s) copied
C:\Users\mbahoshy\coding\alpine\copyback.bat
C:\Users\mbahoshy\coding\alpine\copyback.log
C:\Users\mbahoshy\coding\alpine\index.html
C:\Users\mbahoshy\coding\alpine\css\main.css
C:\Users\mbahoshy\coding\alpine\imgs\alpine-aire-hvac-service-techs.jpg
C:\Users\mbahoshy\coding\alpine\imgs\alpine.jpg
C:\Users\mbahoshy\coding\alpine\imgs\alpineaire3.jpg
C:\Users\mbahoshy\coding\alpine\imgs\kitchen-sales-discussion.jpg
C:\Users\mbahoshy\coding\alpine\imgs\logo.png
C:\Users\mbahoshy\coding\alpine\imgs\tom-patty.jpg
10 File(s) copied
C:\Users\mbahoshy\coding\alpine\copyback.bat
C:\Users\mbahoshy\coding\alpine\copyback.log
C:\Users\mbahoshy\coding\alpine\index.html
C:\Users\mbahoshy\coding\alpine\css\main.css
C:\Users\mbahoshy\coding\alpine\imgs\alpine-aire-hvac-service-techs.jpg
C:\Users\mbahoshy\coding\alpine\imgs\alpine.jpg
C:\Users\mbahoshy\coding\alpine\imgs\alpineaire3.jpg
C:\Users\mbahoshy\coding\alpine\imgs\kitchen-sales-discussion.jpg
C:\Users\mbahoshy\coding\alpine\imgs\logo.png
C:\Users\mbahoshy\coding\alpine\imgs\tom-patty.jpg
10 File(s) copied
C:\Users\mbahoshy\coding\alpine\copyback.bat
C:\Users\mbahoshy\coding\alpine\copyback.log
C:\Users\mbahoshy\coding\alpine\index.html
C:\Users\mbahoshy\coding\alpine\css\main.css
C:\Users\mbahoshy\coding\alpine\imgs\alpine-aire-hvac-service-techs.jpg
C:\Users\mbahoshy\coding\alpine\imgs\alpine.jpg
C:\Users\mbahoshy\coding\alpine\imgs\alpineaire3.jpg
C:\Users\mbahoshy\coding\alpine\imgs\kitchen-sales-discussion.jpg
C:\Users\mbahoshy\coding\alpine\imgs\logo.png
C:\Users\mbahoshy\coding\alpine\imgs\tom-patty.jpg
10 File(s) copied
C:\Users\mbahoshy\coding\alpine\copyback.bat
C:\Users\mbahoshy\coding\alpine\copyback.log
C:\Users\mbahoshy\coding\alpine\index.html
C:\Users\mbahoshy\coding\alpine\css\main.css
C:\Users\mbahoshy\coding\alpine\imgs\alpine-aire-hvac-service-techs.jpg
C:\Users\mbahoshy\coding\alpine\imgs\alpine.jpg
C:\Users\mbahoshy\coding\alpine\imgs\alpineaire3.jpg
C:\Users\mbahoshy\coding\alpine\imgs\kitchen-sales-discussion.jpg
C:\Users\mbahoshy\coding\alpine\imgs\logo.png
C:\Users\mbahoshy\coding\alpine\imgs\tom-patty.jpg
10 File(s) copied
C:\Users\mbahoshy\coding\alpine\copyback.bat
C:\Users\mbahoshy\coding\alpine\copyback.log
C:\Users\mbahoshy\coding\alpine\index.html
C:\Users\mbahoshy\coding\alpine\css\main.css
C:\Users\mbahoshy\coding\alpine\imgs\alpine-aire-hvac-service-techs.jpg
C:\Users\mbahoshy\coding\alpine\imgs\alpine.jpg
C:\Users\mbahoshy\coding\alpine\imgs\alpineaire3.jpg
C:\Users\mbahoshy\coding\alpine\imgs\kitchen-sales-discussion.jpg
C:\Users\mbahoshy\coding\alpine\imgs\logo.png
C:\Users\mbahoshy\coding\alpine\imgs\tom-patty.jpg
10 File(s) copied
